<?xml version="1.0" encoding="UTF-8"?>
<testsuite xmlns:xsi="http://www.w3.org/2001/XMLSchema-instance" xsi:noNamespaceSchemaLocation="https://maven.apache.org/surefire/maven-surefire-plugin/xsd/surefire-test-report-3.0.xsd" version="3.0" name="com.his.authservice.AuthServiceApplicationTests" time="5.751" tests="1" errors="0" skipped="0" failures="0">
  <properties>
[...]
</properties>
  <testcase name="contextLoads" classname="com.his.authservice.AuthServiceApplicationTests" time="0.585">
    <system-out><![CDATA[16:03:22.182 [main] INFO org.springframework.test.context.support.AnnotationConfigContextLoaderUtils -- Could not detect default configuration classes for test class [com.his.authservice.AuthServiceApplicationTests]: AuthServiceApplicationTests does not declare any static, non-private, non-final, nested classes annotated with @Configuration.
16:03:22.274 [main] INFO org.springframework.boot.test.context.SpringBootTestContextBootstrapper -- Found @SpringBootConfiguration com.his.authservice.AuthServiceApplication for test class com.his.authservice.AuthServiceApplicationTests

  .   ____          _            __ _ _
 /\\ / ___'_ __ _ _(_)_ __  __ _ \ \ \ \
( ( )\___ | '_ | '_| | '_ \/ _` | \ \ \ \
 \\/  ___)| |_)| | | | | || (_| |  ) ) ) )
  '  |____| .__|_| |_|_| |_\__, | / / / /
 =========|_|==============|___/=/_/_/_/
 :: Spring Boot ::                (v3.2.0)

2025-09-15T16:03:22.766Z  INFO 3807 --- [           main] c.h.a.AuthServiceApplicationTests        : Starting AuthServiceApplicationTests using Java 17.0.16 with PID 3807 (started by runner in /home/runner/work/his-backend/his-backend/auth-service)
2025-09-15T16:03:22.767Z DEBUG 3807 --- [           main] c.h.a.AuthServiceApplicationTests        : Running with Spring Boot v3.2.0, Spring v6.1.1
2025-09-15T16:03:22.768Z  INFO 3807 --- [           main] c.h.a.AuthServiceApplicationTests        : No active profile set, falling back to 1 default profile: "default"
2025-09-15T16:03:23.502Z  INFO 3807 --- [           main] .s.d.r.c.RepositoryConfigurationDelegate : Bootstrapping Spring Data JPA repositories in DEFAULT mode.
2025-09-15T16:03:23.565Z  INFO 3807 --- [           main] .s.d.r.c.RepositoryConfigurationDelegate : Finished Spring Data repository scanning in 56 ms. Found 2 JPA repository interfaces.
2025-09-15T16:03:24.112Z  INFO 3807 --- [           main] o.hibernate.jpa.internal.util.LogHelper  : HHH000204: Processing PersistenceUnitInfo [name: default]
2025-09-15T16:03:24.158Z  INFO 3807 --- [           main] org.hibernate.Version                    : HHH000412: Hibernate ORM core version 6.3.1.Final
2025-09-15T16:03:24.188Z  INFO 3807 --- [           main] o.h.c.internal.RegionFactoryInitiator    : HHH000026: Second-level cache disabled
2025-09-15T16:03:24.408Z  INFO 3807 --- [           main] o.s.o.j.p.SpringPersistenceUnitInfo      : No LoadTimeWeaver setup: ignoring JPA class transformer
2025-09-15T16:03:24.439Z  INFO 3807 --- [           main] com.zaxxer.hikari.HikariDataSource       : HikariPool-1 - Starting...
2025-09-15T16:03:25.092Z  INFO 3807 --- [           main] com.zaxxer.hikari.pool.HikariPool        : HikariPool-1 - Added connection conn0: url=jdbc:h2:mem:testdb user=SA
2025-09-15T16:03:25.093Z  INFO 3807 --- [           main] com.zaxxer.hikari.HikariDataSource       : HikariPool-1 - Start completed.
2025-09-15T16:03:25.109Z  WARN 3807 --- [           main] org.hibernate.orm.deprecation            : HHH90000025: H2Dialect does not need to be specified explicitly using 'hibernate.dialect' (remove the property setting and it will be selected by default)
2025-09-15T16:03:25.730Z  INFO 3807 --- [           main] o.h.e.t.j.p.i.JtaPlatformInitiator       : HHH000489: No JTA platform available (set 'hibernate.transaction.jta.platform' to enable JTA platform integration)
Hibernate: 
    drop table if exists roles cascade 
Hibernate: 
    drop table if exists user_roles cascade 
Hibernate: 
    drop table if exists users cascade 
Hibernate: 
    create table roles (
        id bigint generated by default as identity,
        name varchar(255) not null unique,
        primary key (id)
    )
Hibernate: 
    create table user_roles (
        role_id bigint not null,
        user_id bigint not null,
        primary key (role_id, user_id)
    )
Hibernate: 
    create table users (
        id bigint generated by default as identity,
        password varchar(255) not null,
        username varchar(255) not null unique,
        primary key (id)
    )
Hibernate: 
    alter table if exists user_roles 
       add constraint FKh8ciramu9cc9q3qcqiv4ue8a6 
       foreign key (role_id) 
       references roles
Hibernate: 
    alter table if exists user_roles 
       add constraint FKhfh9dx7w3ubf1co1vdev94g3f 
       foreign key (user_id) 
       references users
2025-09-15T16:03:25.771Z  INFO 3807 --- [           main] j.LocalContainerEntityManagerFactoryBean : Initialized JPA EntityManagerFactory for persistence unit 'default'
2025-09-15T16:03:26.285Z  WARN 3807 --- [           main] JpaBaseConfiguration$JpaWebConfiguration : spring.jpa.open-in-view is enabled by default. Therefore, database queries may be performed during view rendering. Explicitly configure spring.jpa.open-in-view to disable this warning
2025-09-15T16:03:26.600Z  INFO 3807 --- [           main] o.s.s.web.DefaultSecurityFilterChain     : Will secure any request with [org.springframework.security.web.session.DisableEncodeUrlFilter@425a5c2e, org.springframework.security.web.context.request.async.WebAsyncManagerIntegrationFilter@58cd6088, org.springframework.security.web.context.SecurityContextHolderFilter@e60c466, org.springframework.security.web.header.HeaderWriterFilter@4cd079fe, org.springframework.web.filter.CorsFilter@44a7661d, org.springframework.security.web.authentication.logout.LogoutFilter@13f10967, com.his.authservice.config.AuthTokenFilter@690c3b1f, org.springframework.security.web.savedrequest.RequestCacheAwareFilter@5cd2adc7, org.springframework.security.web.servletapi.SecurityContextHolderAwareRequestFilter@3df4cd96, org.springframework.security.web.authentication.AnonymousAuthenticationFilter@1cdb280b, org.springframework.security.web.session.SessionManagementFilter@6fd07a56, org.springframework.security.web.access.ExceptionTranslationFilter@4e8b36af, org.springframework.security.web.access.intercept.AuthorizationFilter@6c399d4]
2025-09-15T16:03:26.924Z  INFO 3807 --- [           main] c.h.a.AuthServiceApplicationTests        : Started AuthServiceApplicationTests in 4.457 seconds (process running for 5.626)
Hibernate: 
    select
        r1_0.id 
    from
        roles r1_0 
    where
        r1_0.name=? 
    fetch
        first ? rows only
Hibernate: 
    insert 
    into
        roles
        (name, id) 
    values
        (?, default)
Hibernate: 
    select
        r1_0.id 
    from
        roles r1_0 
    where
        r1_0.name=? 
    fetch
        first ? rows only
Hibernate: 
    insert 
    into
        roles
        (name, id) 
    values
        (?, default)
]]></system-out>
  </testcase>
</testsuite>